<?xml version="1.0" encoding="UTF-8"?>
<!-- Generated by org.testng.reporters.JUnitXMLReporter -->
<testsuite ignored="10" hostname="DESKTOP-1UFPC69" failures="0" tests="6" name="Test2" time="268.911" errors="0" timestamp="2022-05-23T10:05:42 IST">
  <testcase classname="com.vtiger.organisationTest.CreateOrgwithIndustryandTypeTest" name="createOrgwithIndustryandType" time="23.701"/>
  <testcase classname="com.vtiger.campaignTest.CreatecampaignTest" name="createcampaignTest" time="20.754"/>
  <testcase classname="com.vtiger.contactsTest.CreateorganisationandcontactnameTest" name="createorganisationandcontactnameTest" time="45.082"/>
  <testcase classname="com.vtiger.documents.CreatedocumentsTest" name="createdocumentsFrameTest" time="23.386"/>
  <testcase classname="com.vtiger.contactsTest.CreateContactsTest" name="fetchDataofContactsTest" time="24.557"/>
  <testcase classname="com.vtiger.campaignTest.CreateCampaignWithProductnameTest" name="createCampaignWithProductname" time="39.648"/>
  <testcase classname="com.sdet34l1.genericUtility.BaseClass" name="@AfterSuite afterSuiteTest" time="0.0">
    <ignored/>
  </testcase> <!-- @AfterSuite afterSuiteTest -->
  <testcase classname="com.sdet34l1.genericUtility.BaseClass" name="@AfterSuite afterSuiteTest" time="0.0">
    <ignored/>
  </testcase> <!-- @AfterSuite afterSuiteTest -->
  <testcase classname="com.sdet34l1.genericUtility.BaseClass" name="@AfterSuite afterSuiteTest" time="0.0">
    <ignored/>
  </testcase> <!-- @AfterSuite afterSuiteTest -->
  <testcase classname="com.sdet34l1.genericUtility.BaseClass" name="@AfterSuite afterSuiteTest" time="0.0">
    <ignored/>
  </testcase> <!-- @AfterSuite afterSuiteTest -->
  <testcase classname="com.sdet34l1.genericUtility.BaseClass" name="@AfterSuite afterSuiteTest" time="0.0">
    <ignored/>
  </testcase> <!-- @AfterSuite afterSuiteTest -->
  <testcase classname="com.sdet34l1.genericUtility.BaseClass" name="@BeforeSuite beforesuiteTest" time="0.0">
    <ignored/>
  </testcase> <!-- @BeforeSuite beforesuiteTest -->
  <testcase classname="com.sdet34l1.genericUtility.BaseClass" name="@BeforeSuite beforesuiteTest" time="0.0">
    <ignored/>
  </testcase> <!-- @BeforeSuite beforesuiteTest -->
  <testcase classname="com.sdet34l1.genericUtility.BaseClass" name="@BeforeSuite beforesuiteTest" time="0.0">
    <ignored/>
  </testcase> <!-- @BeforeSuite beforesuiteTest -->
  <testcase classname="com.sdet34l1.genericUtility.BaseClass" name="@BeforeSuite beforesuiteTest" time="0.0">
    <ignored/>
  </testcase> <!-- @BeforeSuite beforesuiteTest -->
  <testcase classname="com.sdet34l1.genericUtility.BaseClass" name="@BeforeSuite beforesuiteTest" time="0.0">
    <ignored/>
  </testcase> <!-- @BeforeSuite beforesuiteTest -->
</testsuite> <!-- Test2 -->
