<?xml version="1.0" encoding="UTF-8"?>
<!-- Generated by org.testng.reporters.JUnitXMLReporter -->
<testsuite ignored="4" hostname="DESKTOP-1UFPC69" failures="0" tests="3" name="Test(failed)" time="49.113" errors="0" timestamp="2022-05-20T16:05:51 IST">
  <testcase classname="com.vtiger.organisationTest.CreateOrgwithIndustryandTypeTest" name="createOrgwithIndustryandType" time="26.634"/>
  <testcase classname="com.vtiger.campaignTest.CreatecampaignTest" name="createcampaignTest" time="30.422"/>
  <testcase classname="com.vtiger.contactsTest.CreateContactsTest" name="fetchDataofContactsTest" time="30.915"/>
  <testcase classname="com.sdet34l1.genericUtility.BaseClass" name="@AfterSuite afterSuiteTest" time="0.0">
    <ignored/>
  </testcase> <!-- @AfterSuite afterSuiteTest -->
  <testcase classname="com.sdet34l1.genericUtility.BaseClass" name="@AfterSuite afterSuiteTest" time="0.0">
    <ignored/>
  </testcase> <!-- @AfterSuite afterSuiteTest -->
  <testcase classname="com.sdet34l1.genericUtility.BaseClass" name="@BeforeSuite beforesuiteTest" time="0.0">
    <ignored/>
  </testcase> <!-- @BeforeSuite beforesuiteTest -->
  <testcase classname="com.sdet34l1.genericUtility.BaseClass" name="@BeforeSuite beforesuiteTest" time="0.0">
    <ignored/>
  </testcase> <!-- @BeforeSuite beforesuiteTest -->
</testsuite> <!-- Test(failed) -->
